0 info it worked if it ends with ok
1 verbose cli [ 'C:\\Program Files\\nodejs\\node.exe',
1 verbose cli   'C:\\Program Files\\nodejs\\node_modules\\npm\\bin\\npm-cli.js',
1 verbose cli   'run',
1 verbose cli   'start' ]
2 info using npm@3.10.10
3 info using node@v6.9.5
4 verbose run-script [ 'prestart', 'start', 'poststart' ]
5 info lifecycle react-boilerplate@3.0.0~prestart: react-boilerplate@3.0.0
6 silly lifecycle react-boilerplate@3.0.0~prestart: no script for prestart, continuing
7 info lifecycle react-boilerplate@3.0.0~start: react-boilerplate@3.0.0
8 verbose lifecycle react-boilerplate@3.0.0~start: unsafe-perm in lifecycle true
9 verbose lifecycle react-boilerplate@3.0.0~start: PATH: C:\Program Files\nodejs\node_modules\npm\bin\node-gyp-bin;C:\Users\TCH User\Desktop\Code-Boot-Camp-3\Photo-FrontEnd\node_modules\.bin;C:\Users\TCH User\bin;C:\Users\TCH User\AppData\Local\Programs\Git\mingw64\bin;C:\Users\TCH User\AppData\Local\Programs\Git\usr\local\bin;C:\Users\TCH User\AppData\Local\Programs\Git\usr\bin;C:\Users\TCH User\AppData\Local\Programs\Git\usr\bin;C:\Users\TCH User\AppData\Local\Programs\Git\mingw64\bin;C:\Users\TCH User\AppData\Local\Programs\Git\usr\bin;C:\Users\TCH User\bin;C:\ProgramData\Oracle\Java\javapath;C:\WINDOWS\system32;C:\WINDOWS;C:\WINDOWS\System32\Wbem;C:\WINDOWS\System32\WindowsPowerShell\v1.0;C:\Program Files (x86)\GtkSharp\2.12\bin;C:\Program Files\nodejs;C:\Users\TCH User\AppData\Local\Microsoft\WindowsApps;C:\Users\TCH User\AppData\Local\atom\bin;C:\Users\TCH User\AppData\Local\Programs\Git\cmd;C:\Users\TCH User\AppData\Roaming\npm;C:\xampp\php;C:\Users\TCH User\AppData\Local\ComposerSetup\bin;C:\Users\TCH User\AppData\Roaming\Composer\vendor\bin;C:\Users\TCH User\AppData\Local\Microsoft\WindowsApps;C:\Users\TCH User\AppData\Local\Programs\Git\usr\bin\vendor_perl;C:\Users\TCH User\AppData\Local\Programs\Git\usr\bin\core_perl
10 verbose lifecycle react-boilerplate@3.0.0~start: CWD: C:\Users\TCH User\Desktop\Code-Boot-Camp-3\Photo-FrontEnd
11 silly lifecycle react-boilerplate@3.0.0~start: Args: [ '/d /s /c', 'cross-env NODE_ENV=development node server' ]
12 silly lifecycle react-boilerplate@3.0.0~start: Returned: code: 1  signal: null
13 info lifecycle react-boilerplate@3.0.0~start: Failed to exec start script
14 verbose stack Error: react-boilerplate@3.0.0 start: `cross-env NODE_ENV=development node server`
14 verbose stack Exit status 1
14 verbose stack     at EventEmitter.<anonymous> (C:\Program Files\nodejs\node_modules\npm\lib\utils\lifecycle.js:255:16)
14 verbose stack     at emitTwo (events.js:106:13)
14 verbose stack     at EventEmitter.emit (events.js:191:7)
14 verbose stack     at ChildProcess.<anonymous> (C:\Program Files\nodejs\node_modules\npm\lib\utils\spawn.js:40:14)
14 verbose stack     at emitTwo (events.js:106:13)
14 verbose stack     at ChildProcess.emit (events.js:191:7)
14 verbose stack     at maybeClose (internal/child_process.js:877:16)
14 verbose stack     at Process.ChildProcess._handle.onexit (internal/child_process.js:226:5)
15 verbose pkgid react-boilerplate@3.0.0
16 verbose cwd C:\Users\TCH User\Desktop\Code-Boot-Camp-3\Photo-FrontEnd
17 error Windows_NT 10.0.16299
18 error argv "C:\\Program Files\\nodejs\\node.exe" "C:\\Program Files\\nodejs\\node_modules\\npm\\bin\\npm-cli.js" "run" "start"
19 error node v6.9.5
20 error npm  v3.10.10
21 error code ELIFECYCLE
22 error react-boilerplate@3.0.0 start: `cross-env NODE_ENV=development node server`
22 error Exit status 1
23 error Failed at the react-boilerplate@3.0.0 start script 'cross-env NODE_ENV=development node server'.
23 error Make sure you have the latest version of node.js and npm installed.
23 error If you do, this is most likely a problem with the react-boilerplate package,
23 error not with npm itself.
23 error Tell the author that this fails on your system:
23 error     cross-env NODE_ENV=development node server
23 error You can get information on how to open an issue for this project with:
23 error     npm bugs react-boilerplate
23 error Or if that isn't available, you can get their info via:
23 error     npm owner ls react-boilerplate
23 error There is likely additional logging output above.
24 verbose exit [ 1, true ]
