[2018-05-04 19:14:58] local.ERROR: SQLSTATE[42000]: Syntax error or access violation: 1071 Specified key was too long; max key length is 767 bytes (SQL: alter table `users` add unique `users_email_unique`(`email`)) {"exception":"[object] (Illuminate\\Database\\QueryException(code: 42000): SQLSTATE[42000]: Syntax error or access violation: 1071 Specified key was too long; max key length is 767 bytes (SQL: alter table `users` add unique `users_email_unique`(`email`)) at C:\\Users\\TCH_User\\Desktop\\GregSlavens\\Code-Boot-Camp-3\\GregSlavens-ReactJS-Laravel-SPA\\vendor\\laravel\\framework\\src\\Illuminate\\Database\\Connection.php:664, PDOException(code: 42000): SQLSTATE[42000]: Syntax error or access violation: 1071 Specified key was too long; max key length is 767 bytes at C:\\Users\\TCH_User\\Desktop\\GregSlavens\\Code-Boot-Camp-3\\GregSlavens-ReactJS-Laravel-SPA\\vendor\\laravel\\framework\\src\\Illuminate\\Database\\Connection.php:458)
[stacktrace]
#0 C:\\Users\\TCH_User\\Desktop\\GregSlavens\\Code-Boot-Camp-3\\GregSlavens-ReactJS-Laravel-SPA\\vendor\\laravel\\framework\\src\\Illuminate\\Database\\Connection.php(624): Illuminate\\Database\\Connection->runQueryCallback('alter table `us...', Array, Object(Closure))
#1 C:\\Users\\TCH_User\\Desktop\\GregSlavens\\Code-Boot-Camp-3\\GregSlavens-ReactJS-Laravel-SPA\\vendor\\laravel\\framework\\src\\Illuminate\\Database\\Connection.php(459): Illuminate\\Database\\Connection->run('alter table `us...', Array, Object(Closure))
#2 C:\\Users\\TCH_User\\Desktop\\GregSlavens\\Code-Boot-Camp-3\\GregSlavens-ReactJS-Laravel-SPA\\vendor\\laravel\\framework\\src\\Illuminate\\Database\\Schema\\Blueprint.php(88): Illuminate\\Database\\Connection->statement('alter table `us...')
#3 C:\\Users\\TCH_User\\Desktop\\GregSlavens\\Code-Boot-Camp-3\\GregSlavens-ReactJS-Laravel-SPA\\vendor\\laravel\\framework\\src\\Illuminate\\Database\\Schema\\Builder.php(252): Illuminate\\Database\\Schema\\Blueprint->build(Object(Illuminate\\Database\\MySqlConnection), Object(Illuminate\\Database\\Schema\\Grammars\\MySqlGrammar))
#4 C:\\Users\\TCH_User\\Desktop\\GregSlavens\\Code-Boot-Camp-3\\GregSlavens-ReactJS-Laravel-SPA\\vendor\\laravel\\framework\\src\\Illuminate\\Database\\Schema\\Builder.php(165): Illuminate\\Database\\Schema\\Builder->build(Object(Illuminate\\Database\\Schema\\Blueprint))
#5 C:\\Users\\TCH_User\\Desktop\\GregSlavens\\Code-Boot-Camp-3\\GregSlavens-ReactJS-Laravel-SPA\\vendor\\laravel\\framework\\src\\Illuminate\\Support\\Facades\\Facade.php(221): Illuminate\\Database\\Schema\\Builder->create('users', Object(Closure))
#6 C:\\Users\\TCH_User\\Desktop\\GregSlavens\\Code-Boot-Camp-3\\GregSlavens-ReactJS-Laravel-SPA\\database\\migrations\\2014_10_12_000000_create_users_table.php(23): Illuminate\\Support\\Facades\\Facade::__callStatic('create', Array)
#7 C:\\Users\\TCH_User\\Desktop\\GregSlavens\\Code-Boot-Camp-3\\GregSlavens-ReactJS-Laravel-SPA\\vendor\\laravel\\framework\\src\\Illuminate\\Database\\Migrations\\Migrator.php(359): CreateUsersTable->up()
#8 C:\\Users\\TCH_User\\Desktop\\GregSlavens\\Code-Boot-Camp-3\\GregSlavens-ReactJS-Laravel-SPA\\vendor\\laravel\\framework\\src\\Illuminate\\Database\\Migrations\\Migrator.php(366): Illuminate\\Database\\Migrations\\Migrator->Illuminate\\Database\\Migrations\\{closure}()
#9 C:\\Users\\TCH_User\\Desktop\\GregSlavens\\Code-Boot-Camp-3\\GregSlavens-ReactJS-Laravel-SPA\\vendor\\laravel\\framework\\src\\Illuminate\\Database\\Migrations\\Migrator.php(177): Illuminate\\Database\\Migrations\\Migrator->runMigration(Object(CreateUsersTable), 'up')
#10 C:\\Users\\TCH_User\\Desktop\\GregSlavens\\Code-Boot-Camp-3\\GregSlavens-ReactJS-Laravel-SPA\\vendor\\laravel\\framework\\src\\Illuminate\\Database\\Migrations\\Migrator.php(146): Illuminate\\Database\\Migrations\\Migrator->runUp('C:\\\\Users\\\\TCH_Us...', 1, false)
#11 C:\\Users\\TCH_User\\Desktop\\GregSlavens\\Code-Boot-Camp-3\\GregSlavens-ReactJS-Laravel-SPA\\vendor\\laravel\\framework\\src\\Illuminate\\Database\\Migrations\\Migrator.php(95): Illuminate\\Database\\Migrations\\Migrator->runPending(Array, Array)
#12 C:\\Users\\TCH_User\\Desktop\\GregSlavens\\Code-Boot-Camp-3\\GregSlavens-ReactJS-Laravel-SPA\\vendor\\laravel\\framework\\src\\Illuminate\\Database\\Console\\Migrations\\MigrateCommand.php(70): Illuminate\\Database\\Migrations\\Migrator->run(Array, Array)
#13 [internal function]: Illuminate\\Database\\Console\\Migrations\\MigrateCommand->handle()
#14 C:\\Users\\TCH_User\\Desktop\\GregSlavens\\Code-Boot-Camp-3\\GregSlavens-ReactJS-Laravel-SPA\\vendor\\laravel\\framework\\src\\Illuminate\\Container\\BoundMethod.php(29): call_user_func_array(Array, Array)
#15 C:\\Users\\TCH_User\\Desktop\\GregSlavens\\Code-Boot-Camp-3\\GregSlavens-ReactJS-Laravel-SPA\\vendor\\laravel\\framework\\src\\Illuminate\\Container\\BoundMethod.php(87): Illuminate\\Container\\BoundMethod::Illuminate\\Container\\{closure}()
#16 C:\\Users\\TCH_User\\Desktop\\GregSlavens\\Code-Boot-Camp-3\\GregSlavens-ReactJS-Laravel-SPA\\vendor\\laravel\\framework\\src\\Illuminate\\Container\\BoundMethod.php(31): Illuminate\\Container\\BoundMethod::callBoundMethod(Object(Illuminate\\Foundation\\Application), Array, Object(Closure))
#17 C:\\Users\\TCH_User\\Desktop\\GregSlavens\\Code-Boot-Camp-3\\GregSlavens-ReactJS-Laravel-SPA\\vendor\\laravel\\framework\\src\\Illuminate\\Container\\Container.php(564): Illuminate\\Container\\BoundMethod::call(Object(Illuminate\\Foundation\\Application), Array, Array, NULL)
#18 C:\\Users\\TCH_User\\Desktop\\GregSlavens\\Code-Boot-Camp-3\\GregSlavens-ReactJS-Laravel-SPA\\vendor\\laravel\\framework\\src\\Illuminate\\Console\\Command.php(183): Illuminate\\Container\\Container->call(Array)
#19 C:\\Users\\TCH_User\\Desktop\\GregSlavens\\Code-Boot-Camp-3\\GregSlavens-ReactJS-Laravel-SPA\\vendor\\symfony\\console\\Command\\Command.php(252): Illuminate\\Console\\Command->execute(Object(Symfony\\Component\\Console\\Input\\ArgvInput), Object(Illuminate\\Console\\OutputStyle))
#20 C:\\Users\\TCH_User\\Desktop\\GregSlavens\\Code-Boot-Camp-3\\GregSlavens-ReactJS-Laravel-SPA\\vendor\\laravel\\framework\\src\\Illuminate\\Console\\Command.php(170): Symfony\\Component\\Console\\Command\\Command->run(Object(Symfony\\Component\\Console\\Input\\ArgvInput), Object(Illuminate\\Console\\OutputStyle))
#21 C:\\Users\\TCH_User\\Desktop\\GregSlavens\\Code-Boot-Camp-3\\GregSlavens-ReactJS-Laravel-SPA\\vendor\\symfony\\console\\Application.php(865): Illuminate\\Console\\Command->run(Object(Symfony\\Component\\Console\\Input\\ArgvInput), Object(Symfony\\Component\\Console\\Output\\ConsoleOutput))
#22 C:\\Users\\TCH_User\\Desktop\\GregSlavens\\Code-Boot-Camp-3\\GregSlavens-ReactJS-Laravel-SPA\\vendor\\symfony\\console\\Application.php(241): Symfony\\Component\\Console\\Application->doRunCommand(Object(Illuminate\\Database\\Console\\Migrations\\MigrateCommand), Object(Symfony\\Component\\Console\\Input\\ArgvInput), Object(Symfony\\Component\\Console\\Output\\ConsoleOutput))
#23 C:\\Users\\TCH_User\\Desktop\\GregSlavens\\Code-Boot-Camp-3\\GregSlavens-ReactJS-Laravel-SPA\\vendor\\symfony\\console\\Application.php(143): Symfony\\Component\\Console\\Application->doRun(Object(Symfony\\Component\\Console\\Input\\ArgvInput), Object(Symfony\\Component\\Console\\Output\\ConsoleOutput))
#24 C:\\Users\\TCH_User\\Desktop\\GregSlavens\\Code-Boot-Camp-3\\GregSlavens-ReactJS-Laravel-SPA\\vendor\\laravel\\framework\\src\\Illuminate\\Console\\Application.php(89): Symfony\\Component\\Console\\Application->run(Object(Symfony\\Component\\Console\\Input\\ArgvInput), Object(Symfony\\Component\\Console\\Output\\ConsoleOutput))
#25 C:\\Users\\TCH_User\\Desktop\\GregSlavens\\Code-Boot-Camp-3\\GregSlavens-ReactJS-Laravel-SPA\\vendor\\laravel\\framework\\src\\Illuminate\\Foundation\\Console\\Kernel.php(122): Illuminate\\Console\\Application->run(Object(Symfony\\Component\\Console\\Input\\ArgvInput), Object(Symfony\\Component\\Console\\Output\\ConsoleOutput))
#26 C:\\Users\\TCH_User\\Desktop\\GregSlavens\\Code-Boot-Camp-3\\GregSlavens-ReactJS-Laravel-SPA\\artisan(37): Illuminate\\Foundation\\Console\\Kernel->handle(Object(Symfony\\Component\\Console\\Input\\ArgvInput), Object(Symfony\\Component\\Console\\Output\\ConsoleOutput))
#27 {main}
"} 
